java.nio.file.NoSuchFileException: /home/ardfard/code/scalaplay/scala-cli/.scala-build/ide-options-v2.json
  sun.nio.fs.UnixFileSystemProvider.newByteChannel(UnixFileSystemProvider.java:218)
  java.nio.file.Files.newByteChannel(Files.java:380)
  java.nio.file.Files.newByteChannel(Files.java:432)
  java.nio.file.spi.FileSystemProvider.newInputStream(FileSystemProvider.java:422)
  java.nio.file.Files.newInputStream(Files.java:160)
  os.Path.getInputStream(Path.scala:491)
  os.read$bytes$.apply(ReadWriteOps.scala:256)
  scala.cli.commands.Bsp$.$anonfun$1$$anonfun$1(Bsp.scala:24)
  scala.Option.map(Option.scala:242)
  scala.cli.commands.Bsp$.$anonfun$1(Bsp.scala:25)
  scala.cli.commands.Bsp$.$anonfun$3(Bsp.scala:40)
  scala.build.bsp.BspReloadableOptions$Reference.<init>(BspReloadableOptions.scala:16)
  scala.build.bsp.BspReloadableOptions$Reference$.apply(BspReloadableOptions.scala:21)
  scala.cli.commands.Bsp$.run(Bsp.scala:46)
  scala.cli.commands.Bsp$.run(Bsp.scala:17)
  caseapp.core.app.CaseApp.main(CaseApp.scala:149)
  caseapp.core.app.CommandsEntryPoint.main(CommandsEntryPoint.scala:116)
  scala.cli.ScalaCliCommands.main(ScalaCliCommands.scala:114)
  scala.cli.ScalaCli$.main0(ScalaCli.scala:175)
  scala.cli.ScalaCli$.main(ScalaCli.scala:74)
  scala.cli.ScalaCli.main(ScalaCli.scala)
